<?xml version="1.0" encoding="UTF-8"?>
<!-- Generated by org.testng.reporters.JUnitXMLReporter -->
<testsuite ignored="0" hostname="Chunfu-HP-Desktop-G07J8VS" failures="0" tests="2" name="chrometest" time="18.38" errors="0" timestamp="2021-08-30T10:31:02 EDT">
  <testcase classname="com.nopCommerce.testCases.TC_LoginTest_001" name="loginTest" time="6.948"/>
  <testcase classname="com.nopCommerce.testCases.TC_AddCustomerTest_003" name="addNewCustomer" time="8.307"/>
</testsuite> <!-- chrometest -->
