<?xml version="1.0" encoding="UTF-8"?>
<testng-results ignored="0" total="2" passed="2" failed="0" skipped="0">
  <reporter-output>
  </reporter-output>
  <suite started-at="2021-08-30T10:30:43 EDT" name="nopCommerce" finished-at="2021-08-30T10:31:02 EDT" duration-ms="18380">
    <groups>
    </groups>
    <test started-at="2021-08-30T10:30:43 EDT" name="chrometest" finished-at="2021-08-30T10:31:02 EDT" duration-ms="18380">
      <class name="com.nopCommerce.testCases.TC_AddCustomerTest_003">
        <test-method is-config="true" signature="setup(java.lang.String)[pri:0, instance:com.nopCommerce.testCases.TC_AddCustomerTest_003@76508ed1]" started-at="2021-08-30T10:30:52 EDT" name="setup" finished-at="2021-08-30T10:30:53 EDT" duration-ms="1060" status="PASS">
          <params>
            <param index="0">
              <value>
                <![CDATA[chrome]]>
              </value>
            </param>
          </params>
          <reporter-output>
          </reporter-output>
        </test-method> <!-- setup -->
        <test-method signature="addNewCustomer()[pri:0, instance:com.nopCommerce.testCases.TC_AddCustomerTest_003@76508ed1]" started-at="2021-08-30T10:30:53 EDT" name="addNewCustomer" finished-at="2021-08-30T10:31:01 EDT" duration-ms="8307" status="PASS">
          <reporter-output>
          </reporter-output>
        </test-method> <!-- addNewCustomer -->
        <test-method is-config="true" signature="tearDown()[pri:0, instance:com.nopCommerce.testCases.TC_AddCustomerTest_003@76508ed1]" started-at="2021-08-30T10:31:01 EDT" name="tearDown" finished-at="2021-08-30T10:31:02 EDT" duration-ms="206" status="PASS">
          <reporter-output>
          </reporter-output>
        </test-method> <!-- tearDown -->
      </class> <!-- com.nopCommerce.testCases.TC_AddCustomerTest_003 -->
      <class name="com.nopCommerce.testCases.TC_LoginTest_001">
        <test-method is-config="true" signature="setup(java.lang.String)[pri:0, instance:com.nopCommerce.testCases.TC_LoginTest_001@50a638b5]" started-at="2021-08-30T10:30:43 EDT" name="setup" finished-at="2021-08-30T10:30:45 EDT" duration-ms="1493" status="PASS">
          <params>
            <param index="0">
              <value>
                <![CDATA[chrome]]>
              </value>
            </param>
          </params>
          <reporter-output>
          </reporter-output>
        </test-method> <!-- setup -->
        <test-method signature="loginTest()[pri:0, instance:com.nopCommerce.testCases.TC_LoginTest_001@50a638b5]" started-at="2021-08-30T10:30:45 EDT" name="loginTest" finished-at="2021-08-30T10:30:52 EDT" duration-ms="6948" status="PASS">
          <reporter-output>
          </reporter-output>
        </test-method> <!-- loginTest -->
        <test-method is-config="true" signature="tearDown()[pri:0, instance:com.nopCommerce.testCases.TC_LoginTest_001@50a638b5]" started-at="2021-08-30T10:30:52 EDT" name="tearDown" finished-at="2021-08-30T10:30:52 EDT" duration-ms="167" status="PASS">
          <reporter-output>
          </reporter-output>
        </test-method> <!-- tearDown -->
      </class> <!-- com.nopCommerce.testCases.TC_LoginTest_001 -->
    </test> <!-- chrometest -->
  </suite> <!-- nopCommerce -->
</testng-results>
